<?xml version="1.0" encoding="UTF-8"?>
<testsuite name="com.weave.assignment.backendtakehomehvnuif.BackendTakeHomeHvnuifApplicationTests" tests="1" skipped="0" failures="0" errors="0" timestamp="2024-05-21T12:55:30" hostname="Mehers-MacBook-Pro-2.local" time="0.528">
  <properties/>
  <testcase name="contextLoads()" classname="com.weave.assignment.backendtakehomehvnuif.BackendTakeHomeHvnuifApplicationTests" time="0.528"/>
  <system-out><![CDATA[18:25:29.133 [Test worker] INFO org.springframework.test.context.support.AnnotationConfigContextLoaderUtils -- Could not detect default configuration classes for test class [com.weave.assignment.backendtakehomehvnuif.BackendTakeHomeHvnuifApplicationTests]: BackendTakeHomeHvnuifApplicationTests does not declare any static, non-private, non-final, nested classes annotated with @Configuration.
18:25:29.199 [Test worker] INFO org.springframework.boot.test.context.SpringBootTestContextBootstrapper -- Found @SpringBootConfiguration com.weave.assignment.backendtakehomehvnuif.BackendTakeHomeHvnuifApplication for test class com.weave.assignment.backendtakehomehvnuif.BackendTakeHomeHvnuifApplicationTests

  .   ____          _            __ _ _
 /\\ / ___'_ __ _ _(_)_ __  __ _ \ \ \ \
( ( )\___ | '_ | '_| | '_ \/ _` | \ \ \ \
 \\/  ___)| |_)| | | | | || (_| |  ) ) ) )
  '  |____| .__|_| |_|_| |_\__, | / / / /
 =========|_|==============|___/=/_/_/_/
 :: Spring Boot ::                (v3.2.5)

2024-05-21T18:25:29.437+05:30  INFO 54329 --- [backend-take-home-hvnuif] [    Test worker] .b.BackendTakeHomeHvnuifApplicationTests : Starting BackendTakeHomeHvnuifApplicationTests using Java 17.0.10 with PID 54329 (started by meher in /Users/meher/Desktop/assignment/backend-take-home-hvnuif)
2024-05-21T18:25:29.438+05:30  INFO 54329 --- [backend-take-home-hvnuif] [    Test worker] .b.BackendTakeHomeHvnuifApplicationTests : No active profile set, falling back to 1 default profile: "default"
2024-05-21T18:25:30.146+05:30  INFO 54329 --- [backend-take-home-hvnuif] [    Test worker] .b.BackendTakeHomeHvnuifApplicationTests : Started BackendTakeHomeHvnuifApplicationTests in 0.859 seconds (process running for 1.521)
]]></system-out>
  <system-err><![CDATA[]]></system-err>
</testsuite>
